<?xml version="1.0" encoding="UTF-8"?>
<testng-results ignored="0" total="19" passed="16" failed="0" skipped="3">
  <reporter-output>
  </reporter-output>
  <suite started-at="2024-06-14T11:39:34 IST" name="Command line suite" finished-at="2024-06-14T11:42:26 IST" duration-ms="172208">
    <groups>
    </groups>
    <test started-at="2024-06-14T11:39:34 IST" name="Command line test" finished-at="2024-06-14T11:42:26 IST" duration-ms="172208">
      <class name="flipkartAutomate.testFiles.ProductDetailTest">
        <test-method is-config="true" signature="setup(java.lang.reflect.Method)[pri:0, instance:flipkartAutomate.testFiles.ProductDetailTest@3b220bcb]" started-at="2024-06-14T11:41:10 IST" name="setup" finished-at="2024-06-14T11:41:18 IST" duration-ms="7948" status="PASS">
          <params>
            <param index="0">
              <value>
                <![CDATA[public void flipkartAutomate.testFiles.ProductDetailTest.testProductDetails()]]>
              </value>
            </param>
          </params>
          <reporter-output>
          </reporter-output>
        </test-method> <!-- setup -->
        <test-method signature="testProductDetails()[pri:0, instance:flipkartAutomate.testFiles.ProductDetailTest@3b220bcb]" started-at="2024-06-14T11:41:18 IST" name="testProductDetails" finished-at="2024-06-14T11:41:26 IST" duration-ms="8699" status="PASS">
          <reporter-output>
          </reporter-output>
        </test-method> <!-- testProductDetails -->
        <test-method is-config="true" signature="teardown(org.testng.ITestResult)[pri:0, instance:flipkartAutomate.testFiles.ProductDetailTest@3b220bcb]" started-at="2024-06-14T11:41:26 IST" name="teardown" finished-at="2024-06-14T11:41:27 IST" duration-ms="511" status="PASS">
          <params>
            <param index="0">
              <value>
                <![CDATA[[TestResult name=testProductDetails status=SUCCESS method=ProductDetailTest.testProductDetails()[pri:0, instance:flipkartAutomate.testFiles.ProductDetailTest@3b220bcb] output={null}]]]>
              </value>
            </param>
          </params>
          <reporter-output>
          </reporter-output>
        </test-method> <!-- teardown -->
      </class> <!-- flipkartAutomate.testFiles.ProductDetailTest -->
      <class name="flipkartAutomate.testFiles.DownloadOptionTest">
        <test-method is-config="true" signature="setup(java.lang.reflect.Method)[pri:0, instance:flipkartAutomate.testFiles.DownloadOptionTest@58ebfd03]" started-at="2024-06-14T11:39:48 IST" name="setup" finished-at="2024-06-14T11:39:55 IST" duration-ms="6879" status="PASS">
          <params>
            <param index="0">
              <value>
                <![CDATA[public void flipkartAutomate.testFiles.DownloadOptionTest.testAndroidDownloadOption()]]>
              </value>
            </param>
          </params>
          <reporter-output>
          </reporter-output>
        </test-method> <!-- setup -->
        <test-method signature="testAndroidDownloadOption()[pri:1, instance:flipkartAutomate.testFiles.DownloadOptionTest@58ebfd03]" started-at="2024-06-14T11:39:55 IST" name="testAndroidDownloadOption" finished-at="2024-06-14T11:39:58 IST" duration-ms="3360" status="PASS">
          <reporter-output>
          </reporter-output>
        </test-method> <!-- testAndroidDownloadOption -->
        <test-method is-config="true" signature="teardown(org.testng.ITestResult)[pri:0, instance:flipkartAutomate.testFiles.DownloadOptionTest@58ebfd03]" started-at="2024-06-14T11:39:58 IST" name="teardown" finished-at="2024-06-14T11:39:59 IST" duration-ms="587" status="PASS">
          <params>
            <param index="0">
              <value>
                <![CDATA[[TestResult name=testAndroidDownloadOption status=SUCCESS method=DownloadOptionTest.testAndroidDownloadOption()[pri:1, instance:flipkartAutomate.testFiles.DownloadOptionTest@58ebfd03] output={null}]]]>
              </value>
            </param>
          </params>
          <reporter-output>
          </reporter-output>
        </test-method> <!-- teardown -->
        <test-method is-config="true" signature="setup(java.lang.reflect.Method)[pri:0, instance:flipkartAutomate.testFiles.DownloadOptionTest@58ebfd03]" started-at="2024-06-14T11:39:59 IST" name="setup" finished-at="2024-06-14T11:40:02 IST" duration-ms="3555" status="PASS">
          <params>
            <param index="0">
              <value>
                <![CDATA[public void flipkartAutomate.testFiles.DownloadOptionTest.testIosDownloadOption()]]>
              </value>
            </param>
          </params>
          <reporter-output>
          </reporter-output>
        </test-method> <!-- setup -->
        <test-method signature="testIosDownloadOption()[pri:2, instance:flipkartAutomate.testFiles.DownloadOptionTest@58ebfd03]" started-at="2024-06-14T11:40:02 IST" name="testIosDownloadOption" finished-at="2024-06-14T11:40:04 IST" duration-ms="1425" status="PASS">
          <reporter-output>
          </reporter-output>
        </test-method> <!-- testIosDownloadOption -->
        <test-method is-config="true" signature="teardown(org.testng.ITestResult)[pri:0, instance:flipkartAutomate.testFiles.DownloadOptionTest@58ebfd03]" started-at="2024-06-14T11:40:04 IST" name="teardown" finished-at="2024-06-14T11:40:04 IST" duration-ms="475" status="PASS">
          <params>
            <param index="0">
              <value>
                <![CDATA[[TestResult name=testIosDownloadOption status=SUCCESS method=DownloadOptionTest.testIosDownloadOption()[pri:2, instance:flipkartAutomate.testFiles.DownloadOptionTest@58ebfd03] output={null}]]]>
              </value>
            </param>
          </params>
          <reporter-output>
          </reporter-output>
        </test-method> <!-- teardown -->
      </class> <!-- flipkartAutomate.testFiles.DownloadOptionTest -->
      <class name="flipkartAutomate.testFiles.SellerTest">
        <test-method is-config="true" signature="setup(java.lang.reflect.Method)[pri:0, instance:flipkartAutomate.testFiles.SellerTest@41925502]" started-at="2024-06-14T11:41:57 IST" name="setup" finished-at="2024-06-14T11:41:59 IST" duration-ms="2275" status="PASS">
          <params>
            <param index="0">
              <value>
                <![CDATA[public void flipkartAutomate.testFiles.SellerTest.testSellerFunctionality()]]>
              </value>
            </param>
          </params>
          <reporter-output>
          </reporter-output>
        </test-method> <!-- setup -->
        <test-method signature="testSellerFunctionality()[pri:1, instance:flipkartAutomate.testFiles.SellerTest@41925502]" started-at="2024-06-14T11:41:59 IST" name="testSellerFunctionality" finished-at="2024-06-14T11:42:00 IST" duration-ms="1307" status="PASS">
          <reporter-output>
          </reporter-output>
        </test-method> <!-- testSellerFunctionality -->
        <test-method is-config="true" signature="teardown(org.testng.ITestResult)[pri:0, instance:flipkartAutomate.testFiles.SellerTest@41925502]" started-at="2024-06-14T11:42:00 IST" name="teardown" finished-at="2024-06-14T11:42:01 IST" duration-ms="334" status="PASS">
          <params>
            <param index="0">
              <value>
                <![CDATA[[TestResult name=testSellerFunctionality status=SUCCESS method=SellerTest.testSellerFunctionality()[pri:1, instance:flipkartAutomate.testFiles.SellerTest@41925502] output={null}]]]>
              </value>
            </param>
          </params>
          <reporter-output>
          </reporter-output>
        </test-method> <!-- teardown -->
      </class> <!-- flipkartAutomate.testFiles.SellerTest -->
      <class name="flipkartAutomate.testFiles.ProductSearchTest">
        <test-method is-config="true" signature="setup(java.lang.reflect.Method)[pri:0, instance:flipkartAutomate.testFiles.ProductSearchTest@2b95e48b]" started-at="2024-06-14T11:41:27 IST" name="setup" finished-at="2024-06-14T11:41:30 IST" duration-ms="3646" status="PASS">
          <params>
            <param index="0">
              <value>
                <![CDATA[public void flipkartAutomate.testFiles.ProductSearchTest.testSearchData()]]>
              </value>
            </param>
          </params>
          <reporter-output>
          </reporter-output>
        </test-method> <!-- setup -->
        <test-method signature="testSearchData()[pri:1, instance:flipkartAutomate.testFiles.ProductSearchTest@2b95e48b]" started-at="2024-06-14T11:41:30 IST" name="testSearchData" finished-at="2024-06-14T11:41:35 IST" duration-ms="4390" status="PASS">
          <reporter-output>
          </reporter-output>
        </test-method> <!-- testSearchData -->
        <test-method is-config="true" signature="teardown(org.testng.ITestResult)[pri:0, instance:flipkartAutomate.testFiles.ProductSearchTest@2b95e48b]" started-at="2024-06-14T11:41:35 IST" name="teardown" finished-at="2024-06-14T11:41:35 IST" duration-ms="380" status="PASS">
          <params>
            <param index="0">
              <value>
                <![CDATA[[TestResult name=testSearchData status=SUCCESS method=ProductSearchTest.testSearchData()[pri:1, instance:flipkartAutomate.testFiles.ProductSearchTest@2b95e48b] output={null}]]]>
              </value>
            </param>
          </params>
          <reporter-output>
          </reporter-output>
        </test-method> <!-- teardown -->
        <test-method is-config="true" signature="setup(java.lang.reflect.Method)[pri:0, instance:flipkartAutomate.testFiles.ProductSearchTest@2b95e48b]" started-at="2024-06-14T11:41:35 IST" name="setup" finished-at="2024-06-14T11:41:38 IST" duration-ms="3131" status="PASS">
          <params>
            <param index="0">
              <value>
                <![CDATA[public void flipkartAutomate.testFiles.ProductSearchTest.testInvalidSearchData()]]>
              </value>
            </param>
          </params>
          <reporter-output>
          </reporter-output>
        </test-method> <!-- setup -->
        <test-method signature="testInvalidSearchData()[pri:2, instance:flipkartAutomate.testFiles.ProductSearchTest@2b95e48b]" started-at="2024-06-14T11:41:38 IST" name="testInvalidSearchData" finished-at="2024-06-14T11:41:42 IST" duration-ms="3797" status="PASS">
          <reporter-output>
          </reporter-output>
        </test-method> <!-- testInvalidSearchData -->
        <test-method is-config="true" signature="teardown(org.testng.ITestResult)[pri:0, instance:flipkartAutomate.testFiles.ProductSearchTest@2b95e48b]" started-at="2024-06-14T11:41:42 IST" name="teardown" finished-at="2024-06-14T11:41:43 IST" duration-ms="329" status="PASS">
          <params>
            <param index="0">
              <value>
                <![CDATA[[TestResult name=testInvalidSearchData status=SUCCESS method=ProductSearchTest.testInvalidSearchData()[pri:2, instance:flipkartAutomate.testFiles.ProductSearchTest@2b95e48b] output={null}]]]>
              </value>
            </param>
          </params>
          <reporter-output>
          </reporter-output>
        </test-method> <!-- teardown -->
      </class> <!-- flipkartAutomate.testFiles.ProductSearchTest -->
      <class name="flipkartAutomate.testFiles.ForgetPasswordTest">
        <test-method is-config="true" signature="setup(java.lang.reflect.Method)[pri:0, instance:flipkartAutomate.testFiles.ForgetPasswordTest@1fdfafd2]" started-at="2024-06-14T11:40:14 IST" name="setup" finished-at="2024-06-14T11:40:18 IST" duration-ms="3516" status="PASS">
          <params>
            <param index="0">
              <value>
                <![CDATA[public void flipkartAutomate.testFiles.ForgetPasswordTest.testForgetPassword()]]>
              </value>
            </param>
          </params>
          <reporter-output>
          </reporter-output>
        </test-method> <!-- setup -->
        <test-method signature="testForgetPassword()[pri:0, instance:flipkartAutomate.testFiles.ForgetPasswordTest@1fdfafd2]" started-at="2024-06-14T11:40:18 IST" name="testForgetPassword" finished-at="2024-06-14T11:40:28 IST" duration-ms="10132" status="PASS">
          <reporter-output>
          </reporter-output>
        </test-method> <!-- testForgetPassword -->
        <test-method is-config="true" signature="teardown(org.testng.ITestResult)[pri:0, instance:flipkartAutomate.testFiles.ForgetPasswordTest@1fdfafd2]" started-at="2024-06-14T11:40:28 IST" name="teardown" finished-at="2024-06-14T11:40:29 IST" duration-ms="504" status="PASS">
          <params>
            <param index="0">
              <value>
                <![CDATA[[TestResult name=testForgetPassword status=SUCCESS method=ForgetPasswordTest.testForgetPassword()[pri:0, instance:flipkartAutomate.testFiles.ForgetPasswordTest@1fdfafd2] output={null}]]]>
              </value>
            </param>
          </params>
          <reporter-output>
          </reporter-output>
        </test-method> <!-- teardown -->
      </class> <!-- flipkartAutomate.testFiles.ForgetPasswordTest -->
      <class name="flipkartAutomate.testFiles.AddToCartTest">
        <test-method is-config="true" signature="beforesuite()[pri:0, instance:flipkartAutomate.testFiles.AddToCartTest@306851c7]" started-at="2024-06-14T11:39:34 IST" name="beforesuite" finished-at="2024-06-14T11:39:34 IST" duration-ms="701" status="PASS">
          <reporter-output>
          </reporter-output>
        </test-method> <!-- beforesuite -->
        <test-method is-config="true" signature="setup(java.lang.reflect.Method)[pri:0, instance:flipkartAutomate.testFiles.AddToCartTest@306851c7]" started-at="2024-06-14T11:39:34 IST" name="setup" finished-at="2024-06-14T11:39:38 IST" duration-ms="4185" status="PASS">
          <params>
            <param index="0">
              <value>
                <![CDATA[public void flipkartAutomate.testFiles.AddToCartTest.testAddToCart()]]>
              </value>
            </param>
          </params>
          <reporter-output>
          </reporter-output>
        </test-method> <!-- setup -->
        <test-method signature="testAddToCart()[pri:0, instance:flipkartAutomate.testFiles.AddToCartTest@306851c7]" started-at="2024-06-14T11:39:38 IST" name="testAddToCart" finished-at="2024-06-14T11:39:47 IST" duration-ms="8102" status="PASS">
          <reporter-output>
          </reporter-output>
        </test-method> <!-- testAddToCart -->
        <test-method is-config="true" signature="teardown(org.testng.ITestResult)[pri:0, instance:flipkartAutomate.testFiles.AddToCartTest@306851c7]" started-at="2024-06-14T11:39:47 IST" name="teardown" finished-at="2024-06-14T11:39:48 IST" duration-ms="1190" status="PASS">
          <params>
            <param index="0">
              <value>
                <![CDATA[[TestResult name=testAddToCart status=SUCCESS method=AddToCartTest.testAddToCart()[pri:0, instance:flipkartAutomate.testFiles.AddToCartTest@306851c7] output={null}]]]>
              </value>
            </param>
          </params>
          <reporter-output>
          </reporter-output>
        </test-method> <!-- teardown -->
      </class> <!-- flipkartAutomate.testFiles.AddToCartTest -->
      <class name="flipkartAutomate.testFiles.CategoryDropdownTest">
        <test-method is-config="true" signature="setup(java.lang.reflect.Method)[pri:0, instance:flipkartAutomate.testFiles.CategoryDropdownTest@1080b026]" started-at="2024-06-14T11:39:48 IST" name="setup" finished-at="2024-06-14T11:39:48 IST" duration-ms="2" status="SKIP">
          <params>
            <param index="0">
              <value>
                <![CDATA[public void flipkartAutomate.testFiles.CategoryDropdownTest.testCategory()]]>
              </value>
            </param>
          </params>
          <exception class="org.testng.SkipException">
            <message>
              <![CDATA[test skipped due to execution requirement]]>
            </message>
            <full-stacktrace>
              <![CDATA[org.testng.SkipException: test skipped due to execution requirement
at flipkartAutomate.testFiles.BaseTest.setup(BaseTest.java:67)
at flipkartAutomate.testFiles.CategoryDropdownTest.setup(CategoryDropdownTest.java:18)
at java.base/jdk.internal.reflect.NativeMethodAccessorImpl.invoke0(Native Method)
at java.base/jdk.internal.reflect.NativeMethodAccessorImpl.invoke(NativeMethodAccessorImpl.java:62)
at java.base/jdk.internal.reflect.DelegatingMethodAccessorImpl.invoke(DelegatingMethodAccessorImpl.java:43)
at java.base/java.lang.reflect.Method.invoke(Method.java:566)
at org.testng.internal.invokers.MethodInvocationHelper.invokeMethod(MethodInvocationHelper.java:141)
at org.testng.internal.invokers.MethodInvocationHelper.invokeMethodConsideringTimeout(MethodInvocationHelper.java:71)
at org.testng.internal.invokers.ConfigInvoker.invokeConfigurationMethod(ConfigInvoker.java:400)
at org.testng.internal.invokers.ConfigInvoker.invokeConfigurations(ConfigInvoker.java:333)
at org.testng.internal.invokers.TestInvoker.runConfigMethods(TestInvoker.java:833)
at org.testng.internal.invokers.TestInvoker.invokeMethod(TestInvoker.java:600)
at org.testng.internal.invokers.TestInvoker.invokeTestMethod(TestInvoker.java:230)
at org.testng.internal.invokers.MethodRunner.runInSequence(MethodRunner.java:63)
at org.testng.internal.invokers.TestInvoker$MethodInvocationAgent.invoke(TestInvoker.java:992)
at org.testng.internal.invokers.TestInvoker.invokeTestMethods(TestInvoker.java:203)
at org.testng.internal.invokers.TestMethodWorker.invokeTestMethods(TestMethodWorker.java:154)
at org.testng.internal.invokers.TestMethodWorker.run(TestMethodWorker.java:134)
at java.base/java.util.ArrayList.forEach(ArrayList.java:1541)
at org.testng.TestRunner.privateRun(TestRunner.java:739)
at org.testng.TestRunner.run(TestRunner.java:614)
at org.testng.SuiteRunner.runTest(SuiteRunner.java:421)
at org.testng.SuiteRunner.runSequentially(SuiteRunner.java:413)
at org.testng.SuiteRunner.privateRun(SuiteRunner.java:373)
at org.testng.SuiteRunner.run(SuiteRunner.java:312)
at org.testng.SuiteRunnerWorker.runSuite(SuiteRunnerWorker.java:52)
at org.testng.SuiteRunnerWorker.run(SuiteRunnerWorker.java:95)
at org.testng.TestNG.runSuitesSequentially(TestNG.java:1274)
at org.testng.TestNG.runSuitesLocally(TestNG.java:1208)
at org.testng.TestNG.runSuites(TestNG.java:1112)
at org.testng.TestNG.run(TestNG.java:1079)
at org.apache.maven.surefire.testng.TestNGExecutor.run(TestNGExecutor.java:77)
at org.apache.maven.surefire.testng.TestNGDirectoryTestSuite.executeMulti(TestNGDirectoryTestSuite.java:159)
at org.apache.maven.surefire.testng.TestNGDirectoryTestSuite.execute(TestNGDirectoryTestSuite.java:99)
at org.apache.maven.surefire.testng.TestNGProvider.invoke(TestNGProvider.java:106)
at java.base/jdk.internal.reflect.NativeMethodAccessorImpl.invoke0(Native Method)
at java.base/jdk.internal.reflect.NativeMethodAccessorImpl.invoke(NativeMethodAccessorImpl.java:62)
at java.base/jdk.internal.reflect.DelegatingMethodAccessorImpl.invoke(DelegatingMethodAccessorImpl.java:43)
at java.base/java.lang.reflect.Method.invoke(Method.java:566)
at org.apache.maven.surefire.util.ReflectionUtils.invokeMethodWithArray(ReflectionUtils.java:189)
at org.apache.maven.surefire.booter.ProviderFactory$ProviderProxy.invoke(ProviderFactory.java:165)
at org.apache.maven.surefire.booter.ProviderFactory.invokeProvider(ProviderFactory.java:85)
at org.apache.maven.surefire.booter.ForkedBooter.runSuitesInProcess(ForkedBooter.java:115)
at org.apache.maven.surefire.booter.ForkedBooter.main(ForkedBooter.java:75)
]]>
            </full-stacktrace>
          </exception> <!-- org.testng.SkipException -->
          <reporter-output>
          </reporter-output>
        </test-method> <!-- setup -->
        <test-method signature="testCategory()[pri:0, instance:flipkartAutomate.testFiles.CategoryDropdownTest@1080b026]" started-at="2024-06-14T11:39:48 IST" name="testCategory" finished-at="2024-06-14T11:39:48 IST" duration-ms="0" status="SKIP">
          <exception class="org.testng.SkipException">
            <message>
              <![CDATA[test skipped due to execution requirement]]>
            </message>
            <full-stacktrace>
              <![CDATA[org.testng.SkipException: test skipped due to execution requirement
at flipkartAutomate.testFiles.BaseTest.setup(BaseTest.java:67)
at flipkartAutomate.testFiles.CategoryDropdownTest.setup(CategoryDropdownTest.java:18)
at java.base/jdk.internal.reflect.NativeMethodAccessorImpl.invoke0(Native Method)
at java.base/jdk.internal.reflect.NativeMethodAccessorImpl.invoke(NativeMethodAccessorImpl.java:62)
at java.base/jdk.internal.reflect.DelegatingMethodAccessorImpl.invoke(DelegatingMethodAccessorImpl.java:43)
at java.base/java.lang.reflect.Method.invoke(Method.java:566)
at org.testng.internal.invokers.MethodInvocationHelper.invokeMethod(MethodInvocationHelper.java:141)
at org.testng.internal.invokers.MethodInvocationHelper.invokeMethodConsideringTimeout(MethodInvocationHelper.java:71)
at org.testng.internal.invokers.ConfigInvoker.invokeConfigurationMethod(ConfigInvoker.java:400)
at org.testng.internal.invokers.ConfigInvoker.invokeConfigurations(ConfigInvoker.java:333)
at org.testng.internal.invokers.TestInvoker.runConfigMethods(TestInvoker.java:833)
at org.testng.internal.invokers.TestInvoker.invokeMethod(TestInvoker.java:600)
at org.testng.internal.invokers.TestInvoker.invokeTestMethod(TestInvoker.java:230)
at org.testng.internal.invokers.MethodRunner.runInSequence(MethodRunner.java:63)
at org.testng.internal.invokers.TestInvoker$MethodInvocationAgent.invoke(TestInvoker.java:992)
at org.testng.internal.invokers.TestInvoker.invokeTestMethods(TestInvoker.java:203)
at org.testng.internal.invokers.TestMethodWorker.invokeTestMethods(TestMethodWorker.java:154)
at org.testng.internal.invokers.TestMethodWorker.run(TestMethodWorker.java:134)
at java.base/java.util.ArrayList.forEach(ArrayList.java:1541)
at org.testng.TestRunner.privateRun(TestRunner.java:739)
at org.testng.TestRunner.run(TestRunner.java:614)
at org.testng.SuiteRunner.runTest(SuiteRunner.java:421)
at org.testng.SuiteRunner.runSequentially(SuiteRunner.java:413)
at org.testng.SuiteRunner.privateRun(SuiteRunner.java:373)
at org.testng.SuiteRunner.run(SuiteRunner.java:312)
at org.testng.SuiteRunnerWorker.runSuite(SuiteRunnerWorker.java:52)
at org.testng.SuiteRunnerWorker.run(SuiteRunnerWorker.java:95)
at org.testng.TestNG.runSuitesSequentially(TestNG.java:1274)
at org.testng.TestNG.runSuitesLocally(TestNG.java:1208)
at org.testng.TestNG.runSuites(TestNG.java:1112)
at org.testng.TestNG.run(TestNG.java:1079)
at org.apache.maven.surefire.testng.TestNGExecutor.run(TestNGExecutor.java:77)
at org.apache.maven.surefire.testng.TestNGDirectoryTestSuite.executeMulti(TestNGDirectoryTestSuite.java:159)
at org.apache.maven.surefire.testng.TestNGDirectoryTestSuite.execute(TestNGDirectoryTestSuite.java:99)
at org.apache.maven.surefire.testng.TestNGProvider.invoke(TestNGProvider.java:106)
at java.base/jdk.internal.reflect.NativeMethodAccessorImpl.invoke0(Native Method)
at java.base/jdk.internal.reflect.NativeMethodAccessorImpl.invoke(NativeMethodAccessorImpl.java:62)
at java.base/jdk.internal.reflect.DelegatingMethodAccessorImpl.invoke(DelegatingMethodAccessorImpl.java:43)
at java.base/java.lang.reflect.Method.invoke(Method.java:566)
at org.apache.maven.surefire.util.ReflectionUtils.invokeMethodWithArray(ReflectionUtils.java:189)
at org.apache.maven.surefire.booter.ProviderFactory$ProviderProxy.invoke(ProviderFactory.java:165)
at org.apache.maven.surefire.booter.ProviderFactory.invokeProvider(ProviderFactory.java:85)
at org.apache.maven.surefire.booter.ForkedBooter.runSuitesInProcess(ForkedBooter.java:115)
at org.apache.maven.surefire.booter.ForkedBooter.main(ForkedBooter.java:75)
]]>
            </full-stacktrace>
          </exception> <!-- org.testng.SkipException -->
          <reporter-output>
          </reporter-output>
        </test-method> <!-- testCategory -->
        <test-method is-config="true" signature="teardown(org.testng.ITestResult)[pri:0, instance:flipkartAutomate.testFiles.CategoryDropdownTest@1080b026]" started-at="2024-06-14T11:39:48 IST" name="teardown" finished-at="2024-06-14T11:39:48 IST" duration-ms="0" status="SKIP">
          <reporter-output>
          </reporter-output>
        </test-method> <!-- teardown -->
      </class> <!-- flipkartAutomate.testFiles.CategoryDropdownTest -->
      <class name="flipkartAutomate.testFiles.FlipkartAdvertiseTest">
        <test-method is-config="true" signature="setup(java.lang.reflect.Method)[pri:0, instance:flipkartAutomate.testFiles.FlipkartAdvertiseTest@5b07730f]" started-at="2024-06-14T11:40:04 IST" name="setup" finished-at="2024-06-14T11:40:11 IST" duration-ms="6533" status="PASS">
          <params>
            <param index="0">
              <value>
                <![CDATA[public void flipkartAutomate.testFiles.FlipkartAdvertiseTest.testAdvertise()]]>
              </value>
            </param>
          </params>
          <reporter-output>
          </reporter-output>
        </test-method> <!-- setup -->
        <test-method signature="testAdvertise()[pri:0, instance:flipkartAutomate.testFiles.FlipkartAdvertiseTest@5b07730f]" started-at="2024-06-14T11:40:11 IST" name="testAdvertise" finished-at="2024-06-14T11:40:14 IST" duration-ms="3412" status="PASS">
          <reporter-output>
          </reporter-output>
        </test-method> <!-- testAdvertise -->
        <test-method is-config="true" signature="teardown(org.testng.ITestResult)[pri:0, instance:flipkartAutomate.testFiles.FlipkartAdvertiseTest@5b07730f]" started-at="2024-06-14T11:40:14 IST" name="teardown" finished-at="2024-06-14T11:40:14 IST" duration-ms="441" status="PASS">
          <params>
            <param index="0">
              <value>
                <![CDATA[[TestResult name=testAdvertise status=SUCCESS method=FlipkartAdvertiseTest.testAdvertise()[pri:0, instance:flipkartAutomate.testFiles.FlipkartAdvertiseTest@5b07730f] output={null}]]]>
              </value>
            </param>
          </params>
          <reporter-output>
          </reporter-output>
        </test-method> <!-- teardown -->
      </class> <!-- flipkartAutomate.testFiles.FlipkartAdvertiseTest -->
      <class name="flipkartAutomate.testFiles.HelplineFunctionalityTest">
        <test-method is-config="true" signature="setup(java.lang.reflect.Method)[pri:0, instance:flipkartAutomate.testFiles.HelplineFunctionalityTest@a4b2d8f]" started-at="2024-06-14T11:40:29 IST" name="setup" finished-at="2024-06-14T11:40:32 IST" duration-ms="3344" status="PASS">
          <params>
            <param index="0">
              <value>
                <![CDATA[public void flipkartAutomate.testFiles.HelplineFunctionalityTest.testHelplineFeature()]]>
              </value>
            </param>
          </params>
          <reporter-output>
          </reporter-output>
        </test-method> <!-- setup -->
        <test-method signature="testHelplineFeature()[pri:1, instance:flipkartAutomate.testFiles.HelplineFunctionalityTest@a4b2d8f]" started-at="2024-06-14T11:40:32 IST" name="testHelplineFeature" finished-at="2024-06-14T11:40:35 IST" duration-ms="2904" status="PASS">
          <reporter-output>
          </reporter-output>
        </test-method> <!-- testHelplineFeature -->
        <test-method is-config="true" signature="teardown(org.testng.ITestResult)[pri:0, instance:flipkartAutomate.testFiles.HelplineFunctionalityTest@a4b2d8f]" started-at="2024-06-14T11:40:35 IST" name="teardown" finished-at="2024-06-14T11:40:35 IST" duration-ms="428" status="PASS">
          <params>
            <param index="0">
              <value>
                <![CDATA[[TestResult name=testHelplineFeature status=SUCCESS method=HelplineFunctionalityTest.testHelplineFeature()[pri:1, instance:flipkartAutomate.testFiles.HelplineFunctionalityTest@a4b2d8f] output={null}]]]>
              </value>
            </param>
          </params>
          <reporter-output>
          </reporter-output>
        </test-method> <!-- teardown -->
        <test-method is-config="true" signature="setup(java.lang.reflect.Method)[pri:0, instance:flipkartAutomate.testFiles.HelplineFunctionalityTest@a4b2d8f]" started-at="2024-06-14T11:40:35 IST" name="setup" finished-at="2024-06-14T11:40:39 IST" duration-ms="3276" status="PASS">
          <params>
            <param index="0">
              <value>
                <![CDATA[public void flipkartAutomate.testFiles.HelplineFunctionalityTest.testHelplineDisagreeFeature()]]>
              </value>
            </param>
          </params>
          <reporter-output>
          </reporter-output>
        </test-method> <!-- setup -->
        <test-method signature="testHelplineDisagreeFeature()[pri:2, instance:flipkartAutomate.testFiles.HelplineFunctionalityTest@a4b2d8f]" started-at="2024-06-14T11:40:39 IST" name="testHelplineDisagreeFeature" finished-at="2024-06-14T11:40:41 IST" duration-ms="2792" status="PASS">
          <reporter-output>
          </reporter-output>
        </test-method> <!-- testHelplineDisagreeFeature -->
        <test-method is-config="true" signature="teardown(org.testng.ITestResult)[pri:0, instance:flipkartAutomate.testFiles.HelplineFunctionalityTest@a4b2d8f]" started-at="2024-06-14T11:40:41 IST" name="teardown" finished-at="2024-06-14T11:40:42 IST" duration-ms="352" status="PASS">
          <params>
            <param index="0">
              <value>
                <![CDATA[[TestResult name=testHelplineDisagreeFeature status=SUCCESS method=HelplineFunctionalityTest.testHelplineDisagreeFeature()[pri:2, instance:flipkartAutomate.testFiles.HelplineFunctionalityTest@a4b2d8f] output={null}]]]>
              </value>
            </param>
          </params>
          <reporter-output>
          </reporter-output>
        </test-method> <!-- teardown -->
      </class> <!-- flipkartAutomate.testFiles.HelplineFunctionalityTest -->
      <class name="flipkartAutomate.testFiles.CartLoginTest">
        <test-method is-config="true" signature="setup(java.lang.reflect.Method)[pri:0, instance:flipkartAutomate.testFiles.CartLoginTest@5b43fbf6]" started-at="2024-06-14T11:39:48 IST" name="setup" finished-at="2024-06-14T11:39:48 IST" duration-ms="2" status="SKIP">
          <params>
            <param index="0">
              <value>
                <![CDATA[public void flipkartAutomate.testFiles.CartLoginTest.testCartLogin()]]>
              </value>
            </param>
          </params>
          <exception class="org.testng.SkipException">
            <message>
              <![CDATA[test skipped due to execution requirement]]>
            </message>
            <full-stacktrace>
              <![CDATA[org.testng.SkipException: test skipped due to execution requirement
at flipkartAutomate.testFiles.BaseTest.setup(BaseTest.java:67)
at flipkartAutomate.testFiles.CartLoginTest.setup(CartLoginTest.java:21)
at java.base/jdk.internal.reflect.NativeMethodAccessorImpl.invoke0(Native Method)
at java.base/jdk.internal.reflect.NativeMethodAccessorImpl.invoke(NativeMethodAccessorImpl.java:62)
at java.base/jdk.internal.reflect.DelegatingMethodAccessorImpl.invoke(DelegatingMethodAccessorImpl.java:43)
at java.base/java.lang.reflect.Method.invoke(Method.java:566)
at org.testng.internal.invokers.MethodInvocationHelper.invokeMethod(MethodInvocationHelper.java:141)
at org.testng.internal.invokers.MethodInvocationHelper.invokeMethodConsideringTimeout(MethodInvocationHelper.java:71)
at org.testng.internal.invokers.ConfigInvoker.invokeConfigurationMethod(ConfigInvoker.java:400)
at org.testng.internal.invokers.ConfigInvoker.invokeConfigurations(ConfigInvoker.java:333)
at org.testng.internal.invokers.TestInvoker.runConfigMethods(TestInvoker.java:833)
at org.testng.internal.invokers.TestInvoker.invokeMethod(TestInvoker.java:600)
at org.testng.internal.invokers.TestInvoker.invokeTestMethod(TestInvoker.java:230)
at org.testng.internal.invokers.MethodRunner.runInSequence(MethodRunner.java:63)
at org.testng.internal.invokers.TestInvoker$MethodInvocationAgent.invoke(TestInvoker.java:992)
at org.testng.internal.invokers.TestInvoker.invokeTestMethods(TestInvoker.java:203)
at org.testng.internal.invokers.TestMethodWorker.invokeTestMethods(TestMethodWorker.java:154)
at org.testng.internal.invokers.TestMethodWorker.run(TestMethodWorker.java:134)
at java.base/java.util.ArrayList.forEach(ArrayList.java:1541)
at org.testng.TestRunner.privateRun(TestRunner.java:739)
at org.testng.TestRunner.run(TestRunner.java:614)
at org.testng.SuiteRunner.runTest(SuiteRunner.java:421)
at org.testng.SuiteRunner.runSequentially(SuiteRunner.java:413)
at org.testng.SuiteRunner.privateRun(SuiteRunner.java:373)
at org.testng.SuiteRunner.run(SuiteRunner.java:312)
at org.testng.SuiteRunnerWorker.runSuite(SuiteRunnerWorker.java:52)
at org.testng.SuiteRunnerWorker.run(SuiteRunnerWorker.java:95)
at org.testng.TestNG.runSuitesSequentially(TestNG.java:1274)
at org.testng.TestNG.runSuitesLocally(TestNG.java:1208)
at org.testng.TestNG.runSuites(TestNG.java:1112)
at org.testng.TestNG.run(TestNG.java:1079)
at org.apache.maven.surefire.testng.TestNGExecutor.run(TestNGExecutor.java:77)
at org.apache.maven.surefire.testng.TestNGDirectoryTestSuite.executeMulti(TestNGDirectoryTestSuite.java:159)
at org.apache.maven.surefire.testng.TestNGDirectoryTestSuite.execute(TestNGDirectoryTestSuite.java:99)
at org.apache.maven.surefire.testng.TestNGProvider.invoke(TestNGProvider.java:106)
at java.base/jdk.internal.reflect.NativeMethodAccessorImpl.invoke0(Native Method)
at java.base/jdk.internal.reflect.NativeMethodAccessorImpl.invoke(NativeMethodAccessorImpl.java:62)
at java.base/jdk.internal.reflect.DelegatingMethodAccessorImpl.invoke(DelegatingMethodAccessorImpl.java:43)
at java.base/java.lang.reflect.Method.invoke(Method.java:566)
at org.apache.maven.surefire.util.ReflectionUtils.invokeMethodWithArray(ReflectionUtils.java:189)
at org.apache.maven.surefire.booter.ProviderFactory$ProviderProxy.invoke(ProviderFactory.java:165)
at org.apache.maven.surefire.booter.ProviderFactory.invokeProvider(ProviderFactory.java:85)
at org.apache.maven.surefire.booter.ForkedBooter.runSuitesInProcess(ForkedBooter.java:115)
at org.apache.maven.surefire.booter.ForkedBooter.main(ForkedBooter.java:75)
]]>
            </full-stacktrace>
          </exception> <!-- org.testng.SkipException -->
          <reporter-output>
          </reporter-output>
        </test-method> <!-- setup -->
        <test-method signature="testCartLogin()[pri:0, instance:flipkartAutomate.testFiles.CartLoginTest@5b43fbf6]" started-at="2024-06-14T11:39:48 IST" name="testCartLogin" finished-at="2024-06-14T11:39:48 IST" duration-ms="1" status="SKIP">
          <exception class="org.testng.SkipException">
            <message>
              <![CDATA[test skipped due to execution requirement]]>
            </message>
            <full-stacktrace>
              <![CDATA[org.testng.SkipException: test skipped due to execution requirement
at flipkartAutomate.testFiles.BaseTest.setup(BaseTest.java:67)
at flipkartAutomate.testFiles.CartLoginTest.setup(CartLoginTest.java:21)
at java.base/jdk.internal.reflect.NativeMethodAccessorImpl.invoke0(Native Method)
at java.base/jdk.internal.reflect.NativeMethodAccessorImpl.invoke(NativeMethodAccessorImpl.java:62)
at java.base/jdk.internal.reflect.DelegatingMethodAccessorImpl.invoke(DelegatingMethodAccessorImpl.java:43)
at java.base/java.lang.reflect.Method.invoke(Method.java:566)
at org.testng.internal.invokers.MethodInvocationHelper.invokeMethod(MethodInvocationHelper.java:141)
at org.testng.internal.invokers.MethodInvocationHelper.invokeMethodConsideringTimeout(MethodInvocationHelper.java:71)
at org.testng.internal.invokers.ConfigInvoker.invokeConfigurationMethod(ConfigInvoker.java:400)
at org.testng.internal.invokers.ConfigInvoker.invokeConfigurations(ConfigInvoker.java:333)
at org.testng.internal.invokers.TestInvoker.runConfigMethods(TestInvoker.java:833)
at org.testng.internal.invokers.TestInvoker.invokeMethod(TestInvoker.java:600)
at org.testng.internal.invokers.TestInvoker.invokeTestMethod(TestInvoker.java:230)
at org.testng.internal.invokers.MethodRunner.runInSequence(MethodRunner.java:63)
at org.testng.internal.invokers.TestInvoker$MethodInvocationAgent.invoke(TestInvoker.java:992)
at org.testng.internal.invokers.TestInvoker.invokeTestMethods(TestInvoker.java:203)
at org.testng.internal.invokers.TestMethodWorker.invokeTestMethods(TestMethodWorker.java:154)
at org.testng.internal.invokers.TestMethodWorker.run(TestMethodWorker.java:134)
at java.base/java.util.ArrayList.forEach(ArrayList.java:1541)
at org.testng.TestRunner.privateRun(TestRunner.java:739)
at org.testng.TestRunner.run(TestRunner.java:614)
at org.testng.SuiteRunner.runTest(SuiteRunner.java:421)
at org.testng.SuiteRunner.runSequentially(SuiteRunner.java:413)
at org.testng.SuiteRunner.privateRun(SuiteRunner.java:373)
at org.testng.SuiteRunner.run(SuiteRunner.java:312)
at org.testng.SuiteRunnerWorker.runSuite(SuiteRunnerWorker.java:52)
at org.testng.SuiteRunnerWorker.run(SuiteRunnerWorker.java:95)
at org.testng.TestNG.runSuitesSequentially(TestNG.java:1274)
at org.testng.TestNG.runSuitesLocally(TestNG.java:1208)
at org.testng.TestNG.runSuites(TestNG.java:1112)
at org.testng.TestNG.run(TestNG.java:1079)
at org.apache.maven.surefire.testng.TestNGExecutor.run(TestNGExecutor.java:77)
at org.apache.maven.surefire.testng.TestNGDirectoryTestSuite.executeMulti(TestNGDirectoryTestSuite.java:159)
at org.apache.maven.surefire.testng.TestNGDirectoryTestSuite.execute(TestNGDirectoryTestSuite.java:99)
at org.apache.maven.surefire.testng.TestNGProvider.invoke(TestNGProvider.java:106)
at java.base/jdk.internal.reflect.NativeMethodAccessorImpl.invoke0(Native Method)
at java.base/jdk.internal.reflect.NativeMethodAccessorImpl.invoke(NativeMethodAccessorImpl.java:62)
at java.base/jdk.internal.reflect.DelegatingMethodAccessorImpl.invoke(DelegatingMethodAccessorImpl.java:43)
at java.base/java.lang.reflect.Method.invoke(Method.java:566)
at org.apache.maven.surefire.util.ReflectionUtils.invokeMethodWithArray(ReflectionUtils.java:189)
at org.apache.maven.surefire.booter.ProviderFactory$ProviderProxy.invoke(ProviderFactory.java:165)
at org.apache.maven.surefire.booter.ProviderFactory.invokeProvider(ProviderFactory.java:85)
at org.apache.maven.surefire.booter.ForkedBooter.runSuitesInProcess(ForkedBooter.java:115)
at org.apache.maven.surefire.booter.ForkedBooter.main(ForkedBooter.java:75)
]]>
            </full-stacktrace>
          </exception> <!-- org.testng.SkipException -->
          <reporter-output>
          </reporter-output>
        </test-method> <!-- testCartLogin -->
        <test-method is-config="true" signature="teardown(org.testng.ITestResult)[pri:0, instance:flipkartAutomate.testFiles.CartLoginTest@5b43fbf6]" started-at="2024-06-14T11:39:48 IST" name="teardown" finished-at="2024-06-14T11:39:48 IST" duration-ms="0" status="SKIP">
          <reporter-output>
          </reporter-output>
        </test-method> <!-- teardown -->
      </class> <!-- flipkartAutomate.testFiles.CartLoginTest -->
      <class name="flipkartAutomate.testFiles.LoginTest">
        <test-method is-config="true" signature="setup(java.lang.reflect.Method)[pri:0, instance:flipkartAutomate.testFiles.LoginTest@dcfda20]" started-at="2024-06-14T11:40:42 IST" name="setup" finished-at="2024-06-14T11:40:45 IST" duration-ms="3193" status="PASS">
          <params>
            <param index="0">
              <value>
                <![CDATA[public void flipkartAutomate.testFiles.LoginTest.testInvalidLogin()]]>
              </value>
            </param>
          </params>
          <reporter-output>
          </reporter-output>
        </test-method> <!-- setup -->
        <test-method signature="testInvalidLogin()[pri:0, instance:flipkartAutomate.testFiles.LoginTest@dcfda20]" started-at="2024-06-14T11:40:45 IST" name="testInvalidLogin" finished-at="2024-06-14T11:40:49 IST" duration-ms="4406" status="PASS">
          <reporter-output>
          </reporter-output>
        </test-method> <!-- testInvalidLogin -->
        <test-method is-config="true" signature="teardown(org.testng.ITestResult)[pri:0, instance:flipkartAutomate.testFiles.LoginTest@dcfda20]" started-at="2024-06-14T11:40:49 IST" name="teardown" finished-at="2024-06-14T11:40:50 IST" duration-ms="459" status="PASS">
          <params>
            <param index="0">
              <value>
                <![CDATA[[TestResult name=testInvalidLogin status=SUCCESS method=LoginTest.testInvalidLogin()[pri:0, instance:flipkartAutomate.testFiles.LoginTest@dcfda20] output={null}]]]>
              </value>
            </param>
          </params>
          <reporter-output>
          </reporter-output>
        </test-method> <!-- teardown -->
      </class> <!-- flipkartAutomate.testFiles.LoginTest -->
      <class name="flipkartAutomate.testFiles.PincodeTest">
        <test-method is-config="true" signature="setup(java.lang.reflect.Method)[pri:0, instance:flipkartAutomate.testFiles.PincodeTest@6d304f9d]" started-at="2024-06-14T11:40:50 IST" name="setup" finished-at="2024-06-14T11:40:54 IST" duration-ms="3781" status="PASS">
          <params>
            <param index="0">
              <value>
                <![CDATA[public void flipkartAutomate.testFiles.PincodeTest.testPincode()]]>
              </value>
            </param>
          </params>
          <reporter-output>
          </reporter-output>
        </test-method> <!-- setup -->
        <test-method is-config="true" signature="instanceSet()[pri:0, instance:flipkartAutomate.testFiles.PincodeTest@6d304f9d]" started-at="2024-06-14T11:40:54 IST" name="instanceSet" finished-at="2024-06-14T11:40:54 IST" duration-ms="3" status="PASS">
          <reporter-output>
          </reporter-output>
        </test-method> <!-- instanceSet -->
        <test-method signature="testPincode()[pri:1, instance:flipkartAutomate.testFiles.PincodeTest@6d304f9d]" started-at="2024-06-14T11:40:54 IST" name="testPincode" finished-at="2024-06-14T11:41:02 IST" duration-ms="8153" status="PASS">
          <reporter-output>
          </reporter-output>
        </test-method> <!-- testPincode -->
        <test-method is-config="true" signature="teardown(org.testng.ITestResult)[pri:0, instance:flipkartAutomate.testFiles.PincodeTest@6d304f9d]" started-at="2024-06-14T11:41:02 IST" name="teardown" finished-at="2024-06-14T11:41:02 IST" duration-ms="466" status="PASS">
          <params>
            <param index="0">
              <value>
                <![CDATA[[TestResult name=testPincode status=SUCCESS method=PincodeTest.testPincode()[pri:1, instance:flipkartAutomate.testFiles.PincodeTest@6d304f9d] output={null}]]]>
              </value>
            </param>
          </params>
          <reporter-output>
          </reporter-output>
        </test-method> <!-- teardown -->
        <test-method is-config="true" signature="setup(java.lang.reflect.Method)[pri:0, instance:flipkartAutomate.testFiles.PincodeTest@6d304f9d]" started-at="2024-06-14T11:41:02 IST" name="setup" finished-at="2024-06-14T11:41:06 IST" duration-ms="3399" status="PASS">
          <params>
            <param index="0">
              <value>
                <![CDATA[public void flipkartAutomate.testFiles.PincodeTest.testIncorrectPincode()]]>
              </value>
            </param>
          </params>
          <reporter-output>
          </reporter-output>
        </test-method> <!-- setup -->
        <test-method is-config="true" signature="instanceSet()[pri:0, instance:flipkartAutomate.testFiles.PincodeTest@6d304f9d]" started-at="2024-06-14T11:41:06 IST" name="instanceSet" finished-at="2024-06-14T11:41:06 IST" duration-ms="1" status="PASS">
          <reporter-output>
          </reporter-output>
        </test-method> <!-- instanceSet -->
        <test-method signature="testIncorrectPincode()[pri:2, instance:flipkartAutomate.testFiles.PincodeTest@6d304f9d]" started-at="2024-06-14T11:41:06 IST" name="testIncorrectPincode" finished-at="2024-06-14T11:41:09 IST" duration-ms="3770" status="PASS">
          <reporter-output>
          </reporter-output>
        </test-method> <!-- testIncorrectPincode -->
        <test-method is-config="true" signature="teardown(org.testng.ITestResult)[pri:0, instance:flipkartAutomate.testFiles.PincodeTest@6d304f9d]" started-at="2024-06-14T11:41:09 IST" name="teardown" finished-at="2024-06-14T11:41:10 IST" duration-ms="333" status="PASS">
          <params>
            <param index="0">
              <value>
                <![CDATA[[TestResult name=testIncorrectPincode status=SUCCESS method=PincodeTest.testIncorrectPincode()[pri:2, instance:flipkartAutomate.testFiles.PincodeTest@6d304f9d] output={null}]]]>
              </value>
            </param>
          </params>
          <reporter-output>
          </reporter-output>
        </test-method> <!-- teardown -->
      </class> <!-- flipkartAutomate.testFiles.PincodeTest -->
      <class name="flipkartAutomate.testFiles.RegisterSellerTest">
        <test-method is-config="true" signature="setup(java.lang.reflect.Method)[pri:0, instance:flipkartAutomate.testFiles.RegisterSellerTest@4a3329b9]" started-at="2024-06-14T11:41:43 IST" name="setup" finished-at="2024-06-14T11:41:46 IST" duration-ms="3810" status="PASS">
          <params>
            <param index="0">
              <value>
                <![CDATA[public void flipkartAutomate.testFiles.RegisterSellerTest.testSellerRegistration()]]>
              </value>
            </param>
          </params>
          <reporter-output>
          </reporter-output>
        </test-method> <!-- setup -->
        <test-method signature="testSellerRegistration()[pri:0, instance:flipkartAutomate.testFiles.RegisterSellerTest@4a3329b9]" started-at="2024-06-14T11:41:46 IST" name="testSellerRegistration" finished-at="2024-06-14T11:41:56 IST" duration-ms="10088" status="PASS">
          <reporter-output>
          </reporter-output>
        </test-method> <!-- testSellerRegistration -->
        <test-method is-config="true" signature="teardown(org.testng.ITestResult)[pri:0, instance:flipkartAutomate.testFiles.RegisterSellerTest@4a3329b9]" started-at="2024-06-14T11:41:56 IST" name="teardown" finished-at="2024-06-14T11:41:57 IST" duration-ms="487" status="PASS">
          <params>
            <param index="0">
              <value>
                <![CDATA[[TestResult name=testSellerRegistration status=SUCCESS method=RegisterSellerTest.testSellerRegistration()[pri:0, instance:flipkartAutomate.testFiles.RegisterSellerTest@4a3329b9] output={null}]]]>
              </value>
            </param>
          </params>
          <reporter-output>
          </reporter-output>
        </test-method> <!-- teardown -->
      </class> <!-- flipkartAutomate.testFiles.RegisterSellerTest -->
      <class name="flipkartAutomate.testFiles.RemoveFromCartTest">
        <test-method is-config="true" signature="setup(java.lang.reflect.Method)[pri:0, instance:flipkartAutomate.testFiles.RemoveFromCartTest@3dddefd8]" started-at="2024-06-14T11:41:57 IST" name="setup" finished-at="2024-06-14T11:41:57 IST" duration-ms="2" status="SKIP">
          <params>
            <param index="0">
              <value>
                <![CDATA[public void flipkartAutomate.testFiles.RemoveFromCartTest.testRemoveFromCart()]]>
              </value>
            </param>
          </params>
          <exception class="org.testng.SkipException">
            <message>
              <![CDATA[test skipped due to execution requirement]]>
            </message>
            <full-stacktrace>
              <![CDATA[org.testng.SkipException: test skipped due to execution requirement
at flipkartAutomate.testFiles.BaseTest.setup(BaseTest.java:67)
at flipkartAutomate.testFiles.RemoveFromCartTest.setup(RemoveFromCartTest.java:18)
at jdk.internal.reflect.GeneratedMethodAccessor52.invoke(Unknown Source)
at java.base/jdk.internal.reflect.DelegatingMethodAccessorImpl.invoke(DelegatingMethodAccessorImpl.java:43)
at java.base/java.lang.reflect.Method.invoke(Method.java:566)
at org.testng.internal.invokers.MethodInvocationHelper.invokeMethod(MethodInvocationHelper.java:141)
at org.testng.internal.invokers.MethodInvocationHelper.invokeMethodConsideringTimeout(MethodInvocationHelper.java:71)
at org.testng.internal.invokers.ConfigInvoker.invokeConfigurationMethod(ConfigInvoker.java:400)
at org.testng.internal.invokers.ConfigInvoker.invokeConfigurations(ConfigInvoker.java:333)
at org.testng.internal.invokers.TestInvoker.runConfigMethods(TestInvoker.java:833)
at org.testng.internal.invokers.TestInvoker.invokeMethod(TestInvoker.java:600)
at org.testng.internal.invokers.TestInvoker.invokeTestMethod(TestInvoker.java:230)
at org.testng.internal.invokers.MethodRunner.runInSequence(MethodRunner.java:63)
at org.testng.internal.invokers.TestInvoker$MethodInvocationAgent.invoke(TestInvoker.java:992)
at org.testng.internal.invokers.TestInvoker.invokeTestMethods(TestInvoker.java:203)
at org.testng.internal.invokers.TestMethodWorker.invokeTestMethods(TestMethodWorker.java:154)
at org.testng.internal.invokers.TestMethodWorker.run(TestMethodWorker.java:134)
at java.base/java.util.ArrayList.forEach(ArrayList.java:1541)
at org.testng.TestRunner.privateRun(TestRunner.java:739)
at org.testng.TestRunner.run(TestRunner.java:614)
at org.testng.SuiteRunner.runTest(SuiteRunner.java:421)
at org.testng.SuiteRunner.runSequentially(SuiteRunner.java:413)
at org.testng.SuiteRunner.privateRun(SuiteRunner.java:373)
at org.testng.SuiteRunner.run(SuiteRunner.java:312)
at org.testng.SuiteRunnerWorker.runSuite(SuiteRunnerWorker.java:52)
at org.testng.SuiteRunnerWorker.run(SuiteRunnerWorker.java:95)
at org.testng.TestNG.runSuitesSequentially(TestNG.java:1274)
at org.testng.TestNG.runSuitesLocally(TestNG.java:1208)
at org.testng.TestNG.runSuites(TestNG.java:1112)
at org.testng.TestNG.run(TestNG.java:1079)
at org.apache.maven.surefire.testng.TestNGExecutor.run(TestNGExecutor.java:77)
at org.apache.maven.surefire.testng.TestNGDirectoryTestSuite.executeMulti(TestNGDirectoryTestSuite.java:159)
at org.apache.maven.surefire.testng.TestNGDirectoryTestSuite.execute(TestNGDirectoryTestSuite.java:99)
at org.apache.maven.surefire.testng.TestNGProvider.invoke(TestNGProvider.java:106)
at java.base/jdk.internal.reflect.NativeMethodAccessorImpl.invoke0(Native Method)
at java.base/jdk.internal.reflect.NativeMethodAccessorImpl.invoke(NativeMethodAccessorImpl.java:62)
at java.base/jdk.internal.reflect.DelegatingMethodAccessorImpl.invoke(DelegatingMethodAccessorImpl.java:43)
at java.base/java.lang.reflect.Method.invoke(Method.java:566)
at org.apache.maven.surefire.util.ReflectionUtils.invokeMethodWithArray(ReflectionUtils.java:189)
at org.apache.maven.surefire.booter.ProviderFactory$ProviderProxy.invoke(ProviderFactory.java:165)
at org.apache.maven.surefire.booter.ProviderFactory.invokeProvider(ProviderFactory.java:85)
at org.apache.maven.surefire.booter.ForkedBooter.runSuitesInProcess(ForkedBooter.java:115)
at org.apache.maven.surefire.booter.ForkedBooter.main(ForkedBooter.java:75)
]]>
            </full-stacktrace>
          </exception> <!-- org.testng.SkipException -->
          <reporter-output>
          </reporter-output>
        </test-method> <!-- setup -->
        <test-method signature="testRemoveFromCart()[pri:0, instance:flipkartAutomate.testFiles.RemoveFromCartTest@3dddefd8]" started-at="2024-06-14T11:41:57 IST" name="testRemoveFromCart" finished-at="2024-06-14T11:41:57 IST" duration-ms="0" status="SKIP">
          <exception class="org.testng.SkipException">
            <message>
              <![CDATA[test skipped due to execution requirement]]>
            </message>
            <full-stacktrace>
              <![CDATA[org.testng.SkipException: test skipped due to execution requirement
at flipkartAutomate.testFiles.BaseTest.setup(BaseTest.java:67)
at flipkartAutomate.testFiles.RemoveFromCartTest.setup(RemoveFromCartTest.java:18)
at jdk.internal.reflect.GeneratedMethodAccessor52.invoke(Unknown Source)
at java.base/jdk.internal.reflect.DelegatingMethodAccessorImpl.invoke(DelegatingMethodAccessorImpl.java:43)
at java.base/java.lang.reflect.Method.invoke(Method.java:566)
at org.testng.internal.invokers.MethodInvocationHelper.invokeMethod(MethodInvocationHelper.java:141)
at org.testng.internal.invokers.MethodInvocationHelper.invokeMethodConsideringTimeout(MethodInvocationHelper.java:71)
at org.testng.internal.invokers.ConfigInvoker.invokeConfigurationMethod(ConfigInvoker.java:400)
at org.testng.internal.invokers.ConfigInvoker.invokeConfigurations(ConfigInvoker.java:333)
at org.testng.internal.invokers.TestInvoker.runConfigMethods(TestInvoker.java:833)
at org.testng.internal.invokers.TestInvoker.invokeMethod(TestInvoker.java:600)
at org.testng.internal.invokers.TestInvoker.invokeTestMethod(TestInvoker.java:230)
at org.testng.internal.invokers.MethodRunner.runInSequence(MethodRunner.java:63)
at org.testng.internal.invokers.TestInvoker$MethodInvocationAgent.invoke(TestInvoker.java:992)
at org.testng.internal.invokers.TestInvoker.invokeTestMethods(TestInvoker.java:203)
at org.testng.internal.invokers.TestMethodWorker.invokeTestMethods(TestMethodWorker.java:154)
at org.testng.internal.invokers.TestMethodWorker.run(TestMethodWorker.java:134)
at java.base/java.util.ArrayList.forEach(ArrayList.java:1541)
at org.testng.TestRunner.privateRun(TestRunner.java:739)
at org.testng.TestRunner.run(TestRunner.java:614)
at org.testng.SuiteRunner.runTest(SuiteRunner.java:421)
at org.testng.SuiteRunner.runSequentially(SuiteRunner.java:413)
at org.testng.SuiteRunner.privateRun(SuiteRunner.java:373)
at org.testng.SuiteRunner.run(SuiteRunner.java:312)
at org.testng.SuiteRunnerWorker.runSuite(SuiteRunnerWorker.java:52)
at org.testng.SuiteRunnerWorker.run(SuiteRunnerWorker.java:95)
at org.testng.TestNG.runSuitesSequentially(TestNG.java:1274)
at org.testng.TestNG.runSuitesLocally(TestNG.java:1208)
at org.testng.TestNG.runSuites(TestNG.java:1112)
at org.testng.TestNG.run(TestNG.java:1079)
at org.apache.maven.surefire.testng.TestNGExecutor.run(TestNGExecutor.java:77)
at org.apache.maven.surefire.testng.TestNGDirectoryTestSuite.executeMulti(TestNGDirectoryTestSuite.java:159)
at org.apache.maven.surefire.testng.TestNGDirectoryTestSuite.execute(TestNGDirectoryTestSuite.java:99)
at org.apache.maven.surefire.testng.TestNGProvider.invoke(TestNGProvider.java:106)
at java.base/jdk.internal.reflect.NativeMethodAccessorImpl.invoke0(Native Method)
at java.base/jdk.internal.reflect.NativeMethodAccessorImpl.invoke(NativeMethodAccessorImpl.java:62)
at java.base/jdk.internal.reflect.DelegatingMethodAccessorImpl.invoke(DelegatingMethodAccessorImpl.java:43)
at java.base/java.lang.reflect.Method.invoke(Method.java:566)
at org.apache.maven.surefire.util.ReflectionUtils.invokeMethodWithArray(ReflectionUtils.java:189)
at org.apache.maven.surefire.booter.ProviderFactory$ProviderProxy.invoke(ProviderFactory.java:165)
at org.apache.maven.surefire.booter.ProviderFactory.invokeProvider(ProviderFactory.java:85)
at org.apache.maven.surefire.booter.ForkedBooter.runSuitesInProcess(ForkedBooter.java:115)
at org.apache.maven.surefire.booter.ForkedBooter.main(ForkedBooter.java:75)
]]>
            </full-stacktrace>
          </exception> <!-- org.testng.SkipException -->
          <reporter-output>
          </reporter-output>
        </test-method> <!-- testRemoveFromCart -->
        <test-method is-config="true" signature="teardown(org.testng.ITestResult)[pri:0, instance:flipkartAutomate.testFiles.RemoveFromCartTest@3dddefd8]" started-at="2024-06-14T11:41:57 IST" name="teardown" finished-at="2024-06-14T11:41:57 IST" duration-ms="0" status="SKIP">
          <reporter-output>
          </reporter-output>
        </test-method> <!-- teardown -->
      </class> <!-- flipkartAutomate.testFiles.RemoveFromCartTest -->
      <class name="flipkartAutomate.testFiles.SignUpTest">
        <test-method is-config="true" signature="setup(java.lang.reflect.Method)[pri:0, instance:flipkartAutomate.testFiles.SignUpTest@13e3c1c7]" started-at="2024-06-14T11:42:01 IST" name="setup" finished-at="2024-06-14T11:42:04 IST" duration-ms="2795" status="PASS">
          <params>
            <param index="0">
              <value>
                <![CDATA[public void flipkartAutomate.testFiles.SignUpTest.testSignUp()]]>
              </value>
            </param>
          </params>
          <reporter-output>
          </reporter-output>
        </test-method> <!-- setup -->
        <test-method signature="testSignUp()[pri:1, instance:flipkartAutomate.testFiles.SignUpTest@13e3c1c7]" started-at="2024-06-14T11:42:04 IST" name="testSignUp" finished-at="2024-06-14T11:42:26 IST" duration-ms="22163" status="PASS">
          <reporter-output>
          </reporter-output>
        </test-method> <!-- testSignUp -->
        <test-method is-config="true" signature="teardown(org.testng.ITestResult)[pri:0, instance:flipkartAutomate.testFiles.SignUpTest@13e3c1c7]" started-at="2024-06-14T11:42:26 IST" name="teardown" finished-at="2024-06-14T11:42:26 IST" duration-ms="656" status="PASS">
          <params>
            <param index="0">
              <value>
                <![CDATA[[TestResult name=testSignUp status=SUCCESS method=SignUpTest.testSignUp()[pri:1, instance:flipkartAutomate.testFiles.SignUpTest@13e3c1c7] output={null}]]]>
              </value>
            </param>
          </params>
          <reporter-output>
          </reporter-output>
        </test-method> <!-- teardown -->
      </class> <!-- flipkartAutomate.testFiles.SignUpTest -->
    </test> <!-- Command line test -->
  </suite> <!-- Command line suite -->
</testng-results>
